Determining if the pthread_create exist failed with the following output:
Change Dir: /home/cobot/Desktop/realsensepcl/cmake-build-debug/CMakeFiles/CMakeTmp

Run Build Command(s):/usr/bin/make cmTC_6314d/fast 
/usr/bin/make -f CMakeFiles/cmTC_6314d.dir/build.make CMakeFiles/cmTC_6314d.dir/build
make[1]: Entering directory '/home/cobot/Desktop/realsensepcl/cmake-build-debug/CMakeFiles/CMakeTmp'
Building C object CMakeFiles/cmTC_6314d.dir/CheckSymbolExists.c.o
/usr/bin/cc    -o CMakeFiles/cmTC_6314d.dir/CheckSymbolExists.c.o   -c /home/cobot/Desktop/realsensepcl/cmake-build-debug/CMakeFiles/CMakeTmp/CheckSymbolExists.c
Linking C executable cmTC_6314d
/usr/local/bin/cmake -E cmake_link_script CMakeFiles/cmTC_6314d.dir/link.txt --verbose=1
/usr/bin/cc      CMakeFiles/cmTC_6314d.dir/CheckSymbolExists.c.o  -o cmTC_6314d 
CMakeFiles/cmTC_6314d.dir/CheckSymbolExists.c.o: In function `main':
CheckSymbolExists.c:(.text+0x16): undefined reference to `pthread_create'
collect2: error: ld returned 1 exit status
CMakeFiles/cmTC_6314d.dir/build.make:86: recipe for target 'cmTC_6314d' failed
make[1]: *** [cmTC_6314d] Error 1
make[1]: Leaving directory '/home/cobot/Desktop/realsensepcl/cmake-build-debug/CMakeFiles/CMakeTmp'
Makefile:121: recipe for target 'cmTC_6314d/fast' failed
make: *** [cmTC_6314d/fast] Error 2

File /home/cobot/Desktop/realsensepcl/cmake-build-debug/CMakeFiles/CMakeTmp/CheckSymbolExists.c:
/* */
#include <pthread.h>

int main(int argc, char** argv)
{
  (void)argv;
#ifndef pthread_create
  return ((int*)(&pthread_create))[argc];
#else
  (void)argc;
  return 0;
#endif
}

Determining if the function pthread_create exists in the pthreads failed with the following output:
Change Dir: /home/cobot/Desktop/realsensepcl/cmake-build-debug/CMakeFiles/CMakeTmp

Run Build Command(s):/usr/bin/make cmTC_1d5f4/fast 
/usr/bin/make -f CMakeFiles/cmTC_1d5f4.dir/build.make CMakeFiles/cmTC_1d5f4.dir/build
make[1]: Entering directory '/home/cobot/Desktop/realsensepcl/cmake-build-debug/CMakeFiles/CMakeTmp'
Building C object CMakeFiles/cmTC_1d5f4.dir/CheckFunctionExists.c.o
/usr/bin/cc   -DCHECK_FUNCTION_EXISTS=pthread_create   -o CMakeFiles/cmTC_1d5f4.dir/CheckFunctionExists.c.o   -c /usr/local/share/cmake-3.14/Modules/CheckFunctionExists.c
Linking C executable cmTC_1d5f4
/usr/local/bin/cmake -E cmake_link_script CMakeFiles/cmTC_1d5f4.dir/link.txt --verbose=1
/usr/bin/cc  -DCHECK_FUNCTION_EXISTS=pthread_create    CMakeFiles/cmTC_1d5f4.dir/CheckFunctionExists.c.o  -o cmTC_1d5f4 -lpthreads 
/usr/bin/ld: cannot find -lpthreads
collect2: error: ld returned 1 exit status
CMakeFiles/cmTC_1d5f4.dir/build.make:86: recipe for target 'cmTC_1d5f4' failed
make[1]: *** [cmTC_1d5f4] Error 1
make[1]: Leaving directory '/home/cobot/Desktop/realsensepcl/cmake-build-debug/CMakeFiles/CMakeTmp'
Makefile:121: recipe for target 'cmTC_1d5f4/fast' failed
make: *** [cmTC_1d5f4/fast] Error 2


