Determining if the pthread_create exist failed with the following output:
Change Dir: /home/cobot/Desktop/realsensepcl/accuracy/cmake-build-debug/CMakeFiles/CMakeTmp

Run Build Command(s):/usr/bin/make cmTC_7508b/fast 
/usr/bin/make -f CMakeFiles/cmTC_7508b.dir/build.make CMakeFiles/cmTC_7508b.dir/build
make[1]: Entering directory '/home/cobot/Desktop/realsensepcl/accuracy/cmake-build-debug/CMakeFiles/CMakeTmp'
Building C object CMakeFiles/cmTC_7508b.dir/CheckSymbolExists.c.o
/usr/bin/cc    -o CMakeFiles/cmTC_7508b.dir/CheckSymbolExists.c.o   -c /home/cobot/Desktop/realsensepcl/accuracy/cmake-build-debug/CMakeFiles/CMakeTmp/CheckSymbolExists.c
Linking C executable cmTC_7508b
/usr/local/bin/cmake -E cmake_link_script CMakeFiles/cmTC_7508b.dir/link.txt --verbose=1
/usr/bin/cc      CMakeFiles/cmTC_7508b.dir/CheckSymbolExists.c.o  -o cmTC_7508b 
CMakeFiles/cmTC_7508b.dir/CheckSymbolExists.c.o: In function `main':
CheckSymbolExists.c:(.text+0x16): undefined reference to `pthread_create'
collect2: error: ld returned 1 exit status
CMakeFiles/cmTC_7508b.dir/build.make:86: recipe for target 'cmTC_7508b' failed
make[1]: *** [cmTC_7508b] Error 1
make[1]: Leaving directory '/home/cobot/Desktop/realsensepcl/accuracy/cmake-build-debug/CMakeFiles/CMakeTmp'
Makefile:121: recipe for target 'cmTC_7508b/fast' failed
make: *** [cmTC_7508b/fast] Error 2

File /home/cobot/Desktop/realsensepcl/accuracy/cmake-build-debug/CMakeFiles/CMakeTmp/CheckSymbolExists.c:
/* */
#include <pthread.h>

int main(int argc, char** argv)
{
  (void)argv;
#ifndef pthread_create
  return ((int*)(&pthread_create))[argc];
#else
  (void)argc;
  return 0;
#endif
}

Determining if the function pthread_create exists in the pthreads failed with the following output:
Change Dir: /home/cobot/Desktop/realsensepcl/accuracy/cmake-build-debug/CMakeFiles/CMakeTmp

Run Build Command(s):/usr/bin/make cmTC_3b543/fast 
/usr/bin/make -f CMakeFiles/cmTC_3b543.dir/build.make CMakeFiles/cmTC_3b543.dir/build
make[1]: Entering directory '/home/cobot/Desktop/realsensepcl/accuracy/cmake-build-debug/CMakeFiles/CMakeTmp'
Building C object CMakeFiles/cmTC_3b543.dir/CheckFunctionExists.c.o
/usr/bin/cc   -DCHECK_FUNCTION_EXISTS=pthread_create   -o CMakeFiles/cmTC_3b543.dir/CheckFunctionExists.c.o   -c /usr/local/share/cmake-3.14/Modules/CheckFunctionExists.c
Linking C executable cmTC_3b543
/usr/local/bin/cmake -E cmake_link_script CMakeFiles/cmTC_3b543.dir/link.txt --verbose=1
/usr/bin/cc  -DCHECK_FUNCTION_EXISTS=pthread_create    CMakeFiles/cmTC_3b543.dir/CheckFunctionExists.c.o  -o cmTC_3b543 -lpthreads 
/usr/bin/ld: cannot find -lpthreads
collect2: error: ld returned 1 exit status
CMakeFiles/cmTC_3b543.dir/build.make:86: recipe for target 'cmTC_3b543' failed
make[1]: *** [cmTC_3b543] Error 1
make[1]: Leaving directory '/home/cobot/Desktop/realsensepcl/accuracy/cmake-build-debug/CMakeFiles/CMakeTmp'
Makefile:121: recipe for target 'cmTC_3b543/fast' failed
make: *** [cmTC_3b543/fast] Error 2


