Determining if the pthread_create exist failed with the following output:
Change Dir: /home/cobot/Desktop/realsensepcl/pick/cmake-build-debug/CMakeFiles/CMakeTmp

Run Build Command(s):/usr/bin/make cmTC_18063/fast 
/usr/bin/make -f CMakeFiles/cmTC_18063.dir/build.make CMakeFiles/cmTC_18063.dir/build
make[1]: Entering directory '/home/cobot/Desktop/realsensepcl/pick/cmake-build-debug/CMakeFiles/CMakeTmp'
Building C object CMakeFiles/cmTC_18063.dir/CheckSymbolExists.c.o
/usr/bin/cc    -o CMakeFiles/cmTC_18063.dir/CheckSymbolExists.c.o   -c /home/cobot/Desktop/realsensepcl/pick/cmake-build-debug/CMakeFiles/CMakeTmp/CheckSymbolExists.c
Linking C executable cmTC_18063
/usr/local/bin/cmake -E cmake_link_script CMakeFiles/cmTC_18063.dir/link.txt --verbose=1
/usr/bin/cc      CMakeFiles/cmTC_18063.dir/CheckSymbolExists.c.o  -o cmTC_18063 
CMakeFiles/cmTC_18063.dir/CheckSymbolExists.c.o: In function `main':
CheckSymbolExists.c:(.text+0x16): undefined reference to `pthread_create'
collect2: error: ld returned 1 exit status
CMakeFiles/cmTC_18063.dir/build.make:86: recipe for target 'cmTC_18063' failed
make[1]: *** [cmTC_18063] Error 1
make[1]: Leaving directory '/home/cobot/Desktop/realsensepcl/pick/cmake-build-debug/CMakeFiles/CMakeTmp'
Makefile:121: recipe for target 'cmTC_18063/fast' failed
make: *** [cmTC_18063/fast] Error 2

File /home/cobot/Desktop/realsensepcl/pick/cmake-build-debug/CMakeFiles/CMakeTmp/CheckSymbolExists.c:
/* */
#include <pthread.h>

int main(int argc, char** argv)
{
  (void)argv;
#ifndef pthread_create
  return ((int*)(&pthread_create))[argc];
#else
  (void)argc;
  return 0;
#endif
}

Determining if the function pthread_create exists in the pthreads failed with the following output:
Change Dir: /home/cobot/Desktop/realsensepcl/pick/cmake-build-debug/CMakeFiles/CMakeTmp

Run Build Command(s):/usr/bin/make cmTC_29aed/fast 
/usr/bin/make -f CMakeFiles/cmTC_29aed.dir/build.make CMakeFiles/cmTC_29aed.dir/build
make[1]: Entering directory '/home/cobot/Desktop/realsensepcl/pick/cmake-build-debug/CMakeFiles/CMakeTmp'
Building C object CMakeFiles/cmTC_29aed.dir/CheckFunctionExists.c.o
/usr/bin/cc   -DCHECK_FUNCTION_EXISTS=pthread_create   -o CMakeFiles/cmTC_29aed.dir/CheckFunctionExists.c.o   -c /usr/local/share/cmake-3.14/Modules/CheckFunctionExists.c
Linking C executable cmTC_29aed
/usr/local/bin/cmake -E cmake_link_script CMakeFiles/cmTC_29aed.dir/link.txt --verbose=1
/usr/bin/cc  -DCHECK_FUNCTION_EXISTS=pthread_create    CMakeFiles/cmTC_29aed.dir/CheckFunctionExists.c.o  -o cmTC_29aed -lpthreads 
/usr/bin/ld: cannot find -lpthreads
collect2: error: ld returned 1 exit status
CMakeFiles/cmTC_29aed.dir/build.make:86: recipe for target 'cmTC_29aed' failed
make[1]: *** [cmTC_29aed] Error 1
make[1]: Leaving directory '/home/cobot/Desktop/realsensepcl/pick/cmake-build-debug/CMakeFiles/CMakeTmp'
Makefile:121: recipe for target 'cmTC_29aed/fast' failed
make: *** [cmTC_29aed/fast] Error 2


